Flow report for demo_control_module
Mon Oct 16 22:34:14 2023
Quartus Prime Version 18.0.0 Build 614 04/24/2018 SJ Standard Edition


---------------------
; Table of Contents ;
---------------------
  1. Legal Notice
  2. Flow Summary
  3. Flow Settings
  4. Flow Non-Default Global Settings
  5. Flow Elapsed Time
  6. Flow OS Summary
  7. Flow Log
  8. Flow Messages
  9. Flow Suppressed Messages



----------------
; Legal Notice ;
----------------
Copyright (C) 2018  Intel Corporation. All rights reserved.
Your use of Intel Corporation's design tools, logic functions 
and other software and tools, and its AMPP partner logic 
functions, and any output files from any of the foregoing 
(including device programming or simulation files), and any 
associated documentation or information are expressly subject 
to the terms and conditions of the Intel Program License 
Subscription Agreement, the Intel Quartus Prime License Agreement,
the Intel FPGA IP License Agreement, or other applicable license
agreement, including, without limitation, that your use is for
the sole purpose of programming logic devices manufactured by
Intel and sold by Intel or its authorized distributors.  Please
refer to the applicable agreement for further details.



+--------------------------------------------------------------------------------------+
; Flow Summary                                                                         ;
+------------------------------------+-------------------------------------------------+
; Flow Status                        ; Successful - Mon Oct 16 22:34:12 2023           ;
; Quartus Prime Version              ; 18.0.0 Build 614 04/24/2018 SJ Standard Edition ;
; Revision Name                      ; demo_control_module                             ;
; Top-level Entity Name              ; smg_interface_demo                              ;
; Family                             ; Cyclone IV E                                    ;
; Device                             ; EP4CE115F23C8                                   ;
; Timing Models                      ; Final                                           ;
; Total logic elements               ; 179 / 114,480 ( < 1 % )                         ;
;     Total combinational functions  ; 166 / 114,480 ( < 1 % )                         ;
;     Dedicated logic registers      ; 108 / 114,480 ( < 1 % )                         ;
; Total registers                    ; 108                                             ;
; Total pins                         ; 16 / 281 ( 6 % )                                ;
; Total virtual pins                 ; 0                                               ;
; Total memory bits                  ; 0 / 3,981,312 ( 0 % )                           ;
; Embedded Multiplier 9-bit elements ; 0 / 532 ( 0 % )                                 ;
; Total PLLs                         ; 0 / 4 ( 0 % )                                   ;
+------------------------------------+-------------------------------------------------+


+-----------------------------------------+
; Flow Settings                           ;
+-------------------+---------------------+
; Option            ; Setting             ;
+-------------------+---------------------+
; Start date & time ; 10/16/2023 22:33:42 ;
; Main task         ; Compilation         ;
; Revision Name     ; demo_control_module ;
+-------------------+---------------------+


+--------------------------------------------------------------------------------------------------------------------------------------+
; Flow Non-Default Global Settings                                                                                                     ;
+-------------------------------------+----------------------------------------+---------------------+--------------------+------------+
; Assignment Name                     ; Value                                  ; Default Value       ; Entity Name        ; Section Id ;
+-------------------------------------+----------------------------------------+---------------------+--------------------+------------+
; COMPILER_SIGNATURE_ID               ; 1097992283560.169746682205652          ; --                  ; --                 ; --         ;
; MAX_CORE_JUNCTION_TEMP              ; 85                                     ; --                  ; --                 ; --         ;
; MIN_CORE_JUNCTION_TEMP              ; 0                                      ; --                  ; --                 ; --         ;
; NOMINAL_CORE_SUPPLY_VOLTAGE         ; 1.2V                                   ; --                  ; --                 ; --         ;
; PARTITION_COLOR                     ; -- (Not supported for targeted family) ; --                  ; smg_interface_demo ; Top        ;
; PARTITION_FITTER_PRESERVATION_LEVEL ; -- (Not supported for targeted family) ; --                  ; smg_interface_demo ; Top        ;
; PARTITION_NETLIST_TYPE              ; -- (Not supported for targeted family) ; --                  ; smg_interface_demo ; Top        ;
; POWER_BOARD_THERMAL_MODEL           ; None (CONSERVATIVE)                    ; --                  ; --                 ; --         ;
; POWER_PRESET_COOLING_SOLUTION       ; 23 MM HEAT SINK WITH 200 LFPM AIRFLOW  ; --                  ; --                 ; --         ;
; PROJECT_OUTPUT_DIRECTORY            ; output_files                           ; --                  ; --                 ; --         ;
; TOP_LEVEL_ENTITY                    ; smg_interface_demo                     ; demo_control_module ; --                 ; --         ;
+-------------------------------------+----------------------------------------+---------------------+--------------------+------------+


+--------------------------------------------------------------------------------------------------------------------------+
; Flow Elapsed Time                                                                                                        ;
+----------------------+--------------+-------------------------+---------------------+------------------------------------+
; Module Name          ; Elapsed Time ; Average Processors Used ; Peak Virtual Memory ; Total CPU Time (on all processors) ;
+----------------------+--------------+-------------------------+---------------------+------------------------------------+
; Analysis & Synthesis ; 00:00:11     ; 1.0                     ; 4785 MB             ; 00:00:09                           ;
; Fitter               ; 00:00:13     ; 1.0                     ; 5842 MB             ; 00:00:09                           ;
; Assembler            ; 00:00:03     ; 1.0                     ; 4678 MB             ; 00:00:02                           ;
; Timing Analyzer      ; 00:00:01     ; 1.0                     ; 4866 MB             ; 00:00:01                           ;
; Total                ; 00:00:28     ; --                      ; --                  ; 00:00:21                           ;
+----------------------+--------------+-------------------------+---------------------+------------------------------------+


+------------------------------------------------------------------------------------+
; Flow OS Summary                                                                    ;
+----------------------+------------------+------------+------------+----------------+
; Module Name          ; Machine Hostname ; OS Name    ; OS Version ; Processor type ;
+----------------------+------------------+------------+------------+----------------+
; Analysis & Synthesis ; DESKTOP-0JC8E4H  ; Windows 10 ; 10.0       ; x86_64         ;
; Fitter               ; DESKTOP-0JC8E4H  ; Windows 10 ; 10.0       ; x86_64         ;
; Assembler            ; DESKTOP-0JC8E4H  ; Windows 10 ; 10.0       ; x86_64         ;
; Timing Analyzer      ; DESKTOP-0JC8E4H  ; Windows 10 ; 10.0       ; x86_64         ;
+----------------------+------------------+------------+------------+----------------+


------------
; Flow Log ;
------------
quartus_map --read_settings_files=on --write_settings_files=off demo_control_module -c demo_control_module
quartus_fit --read_settings_files=off --write_settings_files=off demo_control_module -c demo_control_module
quartus_asm --read_settings_files=off --write_settings_files=off demo_control_module -c demo_control_module
quartus_sta demo_control_module -c demo_control_module



